/*C3*/SET SCHEMA PUBLIC
DELETE FROM DATABASECHANGELOGLOCK WHERE ID=1
INSERT INTO DATABASECHANGELOGLOCK VALUES(1,TRUE,'2022-07-12 02:36:02.689000','DESKTOP-Q0S1G3N (26.178.134.185)')
COMMIT
DELETE FROM DATABASECHANGELOGLOCK WHERE ID=1
INSERT INTO DATABASECHANGELOGLOCK VALUES(1,FALSE,NULL,NULL)
COMMIT
DELETE FROM PERSISTENT_LOGINS WHERE SERIES='fabdJnAO1x/AYJWIG3uL6g=='
INSERT INTO PERSISTENT_LOGINS VALUES('fabdJnAO1x/AYJWIG3uL6g==','admin','/Wrn6XeOOpythWBYQk+K9A==','2022-07-12 02:36:05.452000')
COMMIT
DELETE FROM RESOURCE_ WHERE ID='6c9e420a-2b22-4402-8654-a9027ee14083'
INSERT INTO RESOURCE_ VALUES('6c9e420a-2b22-4402-8654-a9027ee14083','\u043c\u0443\u043a\u0430',72.0E0,'\u043a\u0433','6c9e420a-2b22-1102-8654-a9027ee14083',NULL,NULL)
COMMIT
DELETE FROM CONFECTIONERY WHERE ID='2a9e420a-2b22-2202-8654-a9027ee14083'
INSERT INTO CONFECTIONERY VALUES('2a9e420a-2b22-2202-8654-a9027ee14083',7,'6c9e420a-2b22-1102-8654-a9027ee14083','admin','2022-07-12 02:36:29.050000','2a9e420a-2b22-2202-8654-a9027ee14083')
COMMIT
INSERT INTO CONFECTIONERY VALUES('721b335f-824e-53ac-6123-2935a3908775',10,'6c9e420a-2b22-1102-8654-a9027ee14083',NULL,NULL,'2a9e420a-2b22-2202-8654-a9027ee14083')
COMMIT
DELETE FROM INGREDIENT WHERE ID='1a10420a-2b22-3302-8654-a9027ee14083'
INSERT INTO INGREDIENT VALUES('1a10420a-2b22-3302-8654-a9027ee14083',99.0E0,'\u043a\u0433','2a9e420a-2b22-2202-8654-a9027ee14083',NULL,NULL,'6c9e420a-2b22-4402-8654-a9027ee14083')
COMMIT
DELETE FROM INGREDIENT WHERE ID='1a10420a-2b22-3302-8654-a9027ee14083'
INSERT INTO INGREDIENT VALUES('1a10420a-2b22-3302-8654-a9027ee14083',9.0E0,'\u043a\u0433','2a9e420a-2b22-2202-8654-a9027ee14083',NULL,NULL,'6c9e420a-2b22-4402-8654-a9027ee14083')
COMMIT
DELETE FROM RESOURCE_ WHERE ID='6c9e420a-2b22-4402-8654-a9027ee14083'
INSERT INTO RESOURCE_ VALUES('6c9e420a-2b22-4402-8654-a9027ee14083','\u043c\u0443\u043a\u0430',77.0E0,'\u043a\u0433','6c9e420a-2b22-1102-8654-a9027ee14083',NULL,NULL)
COMMIT
DELETE FROM RESOURCE_ WHERE ID='6c9e420a-2b22-4402-8654-a9027ee14083'
INSERT INTO RESOURCE_ VALUES('6c9e420a-2b22-4402-8654-a9027ee14083','\u043c\u0443\u043a\u0430',99.0E0,'\u043a\u0433','6c9e420a-2b22-1102-8654-a9027ee14083',NULL,NULL)
COMMIT
DELETE FROM RESOURCE_ WHERE ID='6c9e420a-2b22-4402-8654-a9027ee14083'
INSERT INTO RESOURCE_ VALUES('6c9e420a-2b22-4402-8654-a9027ee14083','\u043c\u0443\u043a\u0430',9.0E0,'\u043a\u0433','6c9e420a-2b22-1102-8654-a9027ee14083',NULL,NULL)
COMMIT
DELETE FROM CONFECTIONERY WHERE ID='721b335f-824e-53ac-6123-2935a3908775'
INSERT INTO CONFECTIONERY VALUES('721b335f-824e-53ac-6123-2935a3908775',10,'6c9e420a-2b22-1102-8654-a9027ee14083','admin','2022-07-12 02:41:54.730000','2a9e420a-2b22-2202-8654-a9027ee14083')
COMMIT
INSERT INTO CONFECTIONERY VALUES('3c321fa3-97b8-6bec-9c83-be3e8c0e70da',20,'6c9e420a-2b22-1102-8654-a9027ee14083',NULL,NULL,'2a9e420a-2b22-2202-8654-a9027ee14083')
COMMIT
DELETE FROM RESOURCE_ WHERE ID='6c9e420a-2b22-4402-8654-a9027ee14083'
INSERT INTO RESOURCE_ VALUES('6c9e420a-2b22-4402-8654-a9027ee14083','\u043c\u0443\u043a\u0430',99.0E0,'\u043a\u0433','6c9e420a-2b22-1102-8654-a9027ee14083',NULL,NULL)
COMMIT
DELETE FROM CONFECTIONERY WHERE ID='3c321fa3-97b8-6bec-9c83-be3e8c0e70da'
INSERT INTO CONFECTIONERY VALUES('3c321fa3-97b8-6bec-9c83-be3e8c0e70da',7,'6c9e420a-2b22-1102-8654-a9027ee14083',NULL,NULL,'2a9e420a-2b22-2202-8654-a9027ee14083')
COMMIT
